
> dev
> pnpm --parallel --filter="./apps/**" run dev

Scope: 4 of 8 workspace projects
apps/web-base dev$ next dev -p 33000
apps/web-rag dev$ next dev -p 33002
apps/web-workspace dev$ next dev -p 33001
apps/web-review dev$ next dev -p 33003
apps/web-base dev: ⨯ Failed to start server
apps/web-rag dev: ⨯ Failed to start server
apps/web-workspace dev: ⨯ Failed to start server
apps/web-base dev: Error: listen EADDRINUSE: address already in use :::33000
apps/web-base dev:     at <unknown> (Error: listen EADDRINUSE: address already in use :::33000)
apps/web-base dev:     at new Promise (<anonymous>) {
apps/web-base dev:   code: 'EADDRINUSE',
apps/web-base dev:   errno: -4091,
apps/web-base dev:   syscall: 'listen',
apps/web-base dev:   address: '::',
apps/web-base dev:   port: 33000
apps/web-base dev: }
apps/web-review dev: ⨯ Failed to start server
apps/web-rag dev: Error: listen EADDRINUSE: address already in use :::33002
apps/web-rag dev:     at <unknown> (Error: listen EADDRINUSE: address already in use :::33002)
apps/web-rag dev:     at new Promise (<anonymous>) {
apps/web-rag dev:   code: 'EADDRINUSE',
apps/web-rag dev:   errno: -4091,
apps/web-rag dev:   syscall: 'listen',
apps/web-rag dev:   address: '::',
apps/web-rag dev:   port: 33002
apps/web-rag dev: }
apps/web-workspace dev: Error: listen EADDRINUSE: address already in use :::33001
apps/web-workspace dev:     at <unknown> (Error: listen EADDRINUSE: address already in use :::33001)
apps/web-workspace dev:     at new Promise (<anonymous>) {
apps/web-workspace dev:   code: 'EADDRINUSE',
apps/web-workspace dev:   errno: -4091,
apps/web-workspace dev:   syscall: 'listen',
apps/web-workspace dev:   address: '::',
apps/web-workspace dev:   port: 33001
apps/web-workspace dev: }
apps/web-review dev: Error: listen EADDRINUSE: address already in use :::33003
apps/web-review dev:     at <unknown> (Error: listen EADDRINUSE: address already in use :::33003)
apps/web-review dev:     at new Promise (<anonymous>) {
apps/web-review dev:   code: 'EADDRINUSE',
apps/web-review dev:   errno: -4091,
apps/web-review dev:   syscall: 'listen',
apps/web-review dev:   address: '::',
apps/web-review dev:   port: 33003
apps/web-review dev: }
apps/web-rag dev: [?25h
apps/web-rag dev: Failed
E:\CATEST\web\apps\web-rag:
 ERR_PNPM_RECURSIVE_RUN_FIRST_FAIL  web-rag@0.1.0 dev: `next dev -p 33002`
Exit status 1
apps/web-workspace dev: [?25h
apps/web-workspace dev: Failed
apps/web-review dev: [?25h
apps/web-review dev: Failed
